-----------------|---------|----------|---------|---------|------------------------
File             | % Stmts | % Branch | % Funcs | % Lines | Uncovered Line #s      
-----------------|---------|----------|---------|---------|------------------------
All files        |   93.52 |     62.5 |    87.5 |   94.53 |                        
 channels.ts     |     100 |       50 |     100 |     100 | 11-20                  
 crypto.ts       |   93.51 |      100 |   84.44 |   91.76 | 28,42,58,74,92,111,168 
 global_state.ts |   91.17 |       25 |     100 |     100 | 10,29-50               
 tx.ts           |    90.9 |       50 |     100 |     100 | 12                     
-----------------|---------|----------|---------|---------|------------------------
