{"/Users/andreiv/git/spacemeshlib/src/channels.ts": {"path":"/Users/andreiv/git/spacemeshlib/src/channels.ts","statementMap":{"0":{"start":{"line":1,"column":0},"end":{"line":1,"column":76}},"1":{"start":{"line":2,"column":0},"end":{"line":2,"column":112}},"2":{"start":{"line":3,"column":0},"end":{"line":3,"column":102}},"3":{"start":{"line":8,"column":40},"end":{"line":15,"column":1}},"4":{"start":{"line":9,"column":18},"end":{"line":11,"column":null}},"5":{"start":{"line":13,"column":2},"end":{"line":13,"column":74}},"6":{"start":{"line":14,"column":2},"end":{"line":14,"column":27}},"7":{"start":{"line":8,"column":13},"end":{"line":8,"column":40}},"8":{"start":{"line":17,"column":40},"end":{"line":24,"column":1}},"9":{"start":{"line":18,"column":18},"end":{"line":20,"column":null}},"10":{"start":{"line":22,"column":2},"end":{"line":22,"column":66}},"11":{"start":{"line":23,"column":2},"end":{"line":23,"column":19}},"12":{"start":{"line":17,"column":13},"end":{"line":17,"column":40}},"13":{"start":{"line":26,"column":30},"end":{"line":29,"column":1}},"14":{"start":{"line":27,"column":2},"end":{"line":27,"column":60}},"15":{"start":{"line":28,"column":2},"end":{"line":28,"column":60}},"16":{"start":{"line":26,"column":13},"end":{"line":26,"column":30}}},"fnMap":{"0":{"name":"(anonymous_0)","decl":{"start":{"line":8,"column":40},"end":{"line":8,"column":41}},"loc":{"start":{"line":8,"column":97},"end":{"line":15,"column":1}}},"1":{"name":"(anonymous_1)","decl":{"start":{"line":17,"column":40},"end":{"line":17,"column":41}},"loc":{"start":{"line":17,"column":97},"end":{"line":24,"column":1}}},"2":{"name":"(anonymous_2)","decl":{"start":{"line":26,"column":30},"end":{"line":26,"column":31}},"loc":{"start":{"line":26,"column":87},"end":{"line":29,"column":1}}}},"branchMap":{"0":{"loc":{"start":{"line":11,"column":4},"end":{"line":11,"column":81}},"type":"cond-expr","locations":[{"start":{"line":11,"column":13},"end":{"line":11,"column":43}},{"start":{"line":11,"column":46},"end":{"line":11,"column":81}}]},"1":{"loc":{"start":{"line":20,"column":4},"end":{"line":20,"column":81}},"type":"cond-expr","locations":[{"start":{"line":20,"column":13},"end":{"line":20,"column":43}},{"start":{"line":20,"column":46},"end":{"line":20,"column":81}}]}},"s":{"0":3,"1":3,"2":3,"3":3,"4":7,"5":7,"6":7,"7":3,"8":3,"9":4,"10":4,"11":4,"12":3,"13":3,"14":2,"15":2,"16":3},"f":{"0":7,"1":4,"2":2},"b":{"0":[7,0],"1":[4,0]}}
,"/Users/andreiv/git/spacemeshlib/src/crypto.ts": {"path":"/Users/andreiv/git/spacemeshlib/src/crypto.ts","statementMap":{"0":{"start":{"line":1,"column":0},"end":{"line":1,"column":46}},"1":{"start":{"line":3,"column":0},"end":{"line":3,"column":43}},"2":{"start":{"line":4,"column":0},"end":{"line":4,"column":31}},"3":{"start":{"line":6,"column":0},"end":{"line":6,"column":30}},"4":{"start":{"line":7,"column":34},"end":{"line":7,"column":38}},"5":{"start":{"line":9,"column":0},"end":{"line":9,"column":24}},"6":{"start":{"line":10,"column":0},"end":{"line":10,"column":20}},"7":{"start":{"line":12,"column":0},"end":{"line":12,"column":7}},"8":{"start":{"line":17,"column":17},"end":{"line":17,"column":92}},"9":{"start":{"line":19,"column":34},"end":{"line":31,"column":2}},"10":{"start":{"line":19,"column":57},"end":{"line":31,"column":2}},"11":{"start":{"line":20,"column":8},"end":{"line":20,"column":50}},"12":{"start":{"line":21,"column":2},"end":{"line":30,"column":5}},"13":{"start":{"line":21,"column":35},"end":{"line":30,"column":4}},"14":{"start":{"line":22,"column":4},"end":{"line":29,"column":9}},"15":{"start":{"line":25,"column":8},"end":{"line":25,"column":44}},"16":{"start":{"line":28,"column":8},"end":{"line":28,"column":16}},"17":{"start":{"line":19,"column":13},"end":{"line":19,"column":34}},"18":{"start":{"line":33,"column":33},"end":{"line":45,"column":2}},"19":{"start":{"line":33,"column":56},"end":{"line":45,"column":2}},"20":{"start":{"line":34,"column":8},"end":{"line":34,"column":50}},"21":{"start":{"line":35,"column":2},"end":{"line":44,"column":5}},"22":{"start":{"line":35,"column":35},"end":{"line":44,"column":4}},"23":{"start":{"line":36,"column":4},"end":{"line":43,"column":9}},"24":{"start":{"line":39,"column":8},"end":{"line":39,"column":43}},"25":{"start":{"line":42,"column":8},"end":{"line":42,"column":16}},"26":{"start":{"line":33,"column":13},"end":{"line":33,"column":33}},"27":{"start":{"line":47,"column":32},"end":{"line":61,"column":2}},"28":{"start":{"line":47,"column":70},"end":{"line":61,"column":2}},"29":{"start":{"line":48,"column":8},"end":{"line":48,"column":50}},"30":{"start":{"line":49,"column":8},"end":{"line":49,"column":32}},"31":{"start":{"line":50,"column":8},"end":{"line":50,"column":61}},"32":{"start":{"line":51,"column":2},"end":{"line":60,"column":5}},"33":{"start":{"line":51,"column":35},"end":{"line":60,"column":4}},"34":{"start":{"line":52,"column":4},"end":{"line":59,"column":9}},"35":{"start":{"line":55,"column":8},"end":{"line":55,"column":77}},"36":{"start":{"line":58,"column":8},"end":{"line":58,"column":16}},"37":{"start":{"line":47,"column":13},"end":{"line":47,"column":32}},"38":{"start":{"line":63,"column":31},"end":{"line":77,"column":2}},"39":{"start":{"line":63,"column":69},"end":{"line":77,"column":2}},"40":{"start":{"line":64,"column":8},"end":{"line":64,"column":50}},"41":{"start":{"line":65,"column":8},"end":{"line":65,"column":32}},"42":{"start":{"line":66,"column":8},"end":{"line":66,"column":61}},"43":{"start":{"line":67,"column":2},"end":{"line":76,"column":5}},"44":{"start":{"line":67,"column":35},"end":{"line":76,"column":4}},"45":{"start":{"line":68,"column":4},"end":{"line":75,"column":9}},"46":{"start":{"line":71,"column":8},"end":{"line":71,"column":76}},"47":{"start":{"line":74,"column":8},"end":{"line":74,"column":16}},"48":{"start":{"line":63,"column":13},"end":{"line":63,"column":31}},"49":{"start":{"line":79,"column":27},"end":{"line":95,"column":2}},"50":{"start":{"line":79,"column":68},"end":{"line":95,"column":2}},"51":{"start":{"line":80,"column":8},"end":{"line":80,"column":38}},"52":{"start":{"line":81,"column":2},"end":{"line":94,"column":5}},"53":{"start":{"line":81,"column":35},"end":{"line":94,"column":4}},"54":{"start":{"line":82,"column":10},"end":{"line":82,"column":34}},"55":{"start":{"line":83,"column":10},"end":{"line":83,"column":52}},"56":{"start":{"line":85,"column":4},"end":{"line":93,"column":9}},"57":{"start":{"line":88,"column":18},"end":{"line":88,"column":60}},"58":{"start":{"line":89,"column":8},"end":{"line":89,"column":21}},"59":{"start":{"line":92,"column":8},"end":{"line":92,"column":16}},"60":{"start":{"line":79,"column":13},"end":{"line":79,"column":27}},"61":{"start":{"line":97,"column":29},"end":{"line":114,"column":2}},"62":{"start":{"line":97,"column":89},"end":{"line":114,"column":2}},"63":{"start":{"line":98,"column":8},"end":{"line":98,"column":38}},"64":{"start":{"line":99,"column":8},"end":{"line":99,"column":39}},"65":{"start":{"line":100,"column":2},"end":{"line":113,"column":5}},"66":{"start":{"line":100,"column":35},"end":{"line":113,"column":4}},"67":{"start":{"line":101,"column":10},"end":{"line":101,"column":34}},"68":{"start":{"line":102,"column":10},"end":{"line":102,"column":52}},"69":{"start":{"line":104,"column":4},"end":{"line":112,"column":9}},"70":{"start":{"line":107,"column":21},"end":{"line":107,"column":70}},"71":{"start":{"line":108,"column":8},"end":{"line":108,"column":24}},"72":{"start":{"line":111,"column":8},"end":{"line":111,"column":16}},"73":{"start":{"line":97,"column":13},"end":{"line":97,"column":29}},"74":{"start":{"line":116,"column":31},"end":{"line":171,"column":1}},"75":{"start":{"line":117,"column":14},"end":{"line":117,"column":null}},"76":{"start":{"line":118,"column":10},"end":{"line":118,"column":null}},"77":{"start":{"line":119,"column":10},"end":{"line":119,"column":null}},"78":{"start":{"line":120,"column":5},"end":{"line":120,"column":null}},"79":{"start":{"line":121,"column":8},"end":{"line":121,"column":null}},"80":{"start":{"line":122,"column":11},"end":{"line":122,"column":null}},"81":{"start":{"line":131,"column":13},"end":{"line":131,"column":37}},"82":{"start":{"line":132,"column":16},"end":{"line":144,"column":4}},"83":{"start":{"line":133,"column":4},"end":{"line":139,"column":7}},"84":{"start":{"line":140,"column":4},"end":{"line":143,"column":7}},"85":{"start":{"line":145,"column":18},"end":{"line":151,"column":4}},"86":{"start":{"line":152,"column":21},"end":{"line":152,"column":36}},"87":{"start":{"line":153,"column":2},"end":{"line":170,"column":5}},"88":{"start":{"line":153,"column":35},"end":{"line":170,"column":4}},"89":{"start":{"line":154,"column":10},"end":{"line":154,"column":62}},"90":{"start":{"line":156,"column":4},"end":{"line":169,"column":9}},"91":{"start":{"line":160,"column":10},"end":{"line":160,"column":55}},"92":{"start":{"line":161,"column":19},"end":{"line":164,"column":10}},"93":{"start":{"line":165,"column":8},"end":{"line":165,"column":28}},"94":{"start":{"line":168,"column":8},"end":{"line":168,"column":16}},"95":{"start":{"line":116,"column":13},"end":{"line":116,"column":31}},"96":{"start":{"line":173,"column":27},"end":{"line":174,"column":7}},"97":{"start":{"line":174,"column":2},"end":{"line":176,"column":80}},"98":{"start":{"line":176,"column":34},"end":{"line":176,"column":76}},"99":{"start":{"line":173,"column":13},"end":{"line":173,"column":27}},"100":{"start":{"line":178,"column":29},"end":{"line":184,"column":1}},"101":{"start":{"line":179,"column":16},"end":{"line":179,"column":18}},"102":{"start":{"line":180,"column":2},"end":{"line":182,"column":null}},"103":{"start":{"line":180,"column":15},"end":{"line":180,"column":16}},"104":{"start":{"line":181,"column":4},"end":{"line":181,"column":56}},"105":{"start":{"line":183,"column":2},"end":{"line":183,"column":32}},"106":{"start":{"line":178,"column":13},"end":{"line":178,"column":29}},"107":{"start":{"line":186,"column":0},"end":{"line":196,"column":2}}},"fnMap":{"0":{"name":"(anonymous_20)","decl":{"start":{"line":19,"column":34},"end":{"line":19,"column":41}},"loc":{"start":{"line":19,"column":57},"end":{"line":31,"column":2}}},"1":{"name":"(anonymous_21)","decl":{"start":{"line":19,"column":57},"end":{"line":19,"column":null}},"loc":{"start":{"line":19,"column":57},"end":{"line":31,"column":2}}},"2":{"name":"(anonymous_23)","decl":{"start":{"line":21,"column":21},"end":{"line":21,"column":28}},"loc":{"start":{"line":21,"column":35},"end":{"line":30,"column":4}}},"3":{"name":"(anonymous_24)","decl":{"start":{"line":21,"column":35},"end":{"line":21,"column":null}},"loc":{"start":{"line":21,"column":35},"end":{"line":30,"column":4}}},"4":{"name":"(anonymous_26)","decl":{"start":{"line":23,"column":12},"end":{"line":23,"column":null}},"loc":{"start":{"line":23,"column":12},"end":{"line":26,"column":7}}},"5":{"name":"(anonymous_27)","decl":{"start":{"line":27,"column":13},"end":{"line":27,"column":14}},"loc":{"start":{"line":27,"column":20},"end":{"line":29,"column":7}}},"6":{"name":"(anonymous_28)","decl":{"start":{"line":33,"column":33},"end":{"line":33,"column":40}},"loc":{"start":{"line":33,"column":56},"end":{"line":45,"column":2}}},"7":{"name":"(anonymous_29)","decl":{"start":{"line":33,"column":56},"end":{"line":33,"column":null}},"loc":{"start":{"line":33,"column":56},"end":{"line":45,"column":2}}},"8":{"name":"(anonymous_31)","decl":{"start":{"line":35,"column":21},"end":{"line":35,"column":28}},"loc":{"start":{"line":35,"column":35},"end":{"line":44,"column":4}}},"9":{"name":"(anonymous_32)","decl":{"start":{"line":35,"column":35},"end":{"line":35,"column":null}},"loc":{"start":{"line":35,"column":35},"end":{"line":44,"column":4}}},"10":{"name":"(anonymous_34)","decl":{"start":{"line":37,"column":12},"end":{"line":37,"column":null}},"loc":{"start":{"line":37,"column":12},"end":{"line":40,"column":7}}},"11":{"name":"(anonymous_35)","decl":{"start":{"line":41,"column":13},"end":{"line":41,"column":14}},"loc":{"start":{"line":41,"column":20},"end":{"line":43,"column":7}}},"12":{"name":"(anonymous_36)","decl":{"start":{"line":47,"column":32},"end":{"line":47,"column":39}},"loc":{"start":{"line":47,"column":70},"end":{"line":61,"column":2}}},"13":{"name":"(anonymous_37)","decl":{"start":{"line":47,"column":70},"end":{"line":47,"column":null}},"loc":{"start":{"line":47,"column":70},"end":{"line":61,"column":2}}},"14":{"name":"(anonymous_39)","decl":{"start":{"line":51,"column":21},"end":{"line":51,"column":28}},"loc":{"start":{"line":51,"column":35},"end":{"line":60,"column":4}}},"15":{"name":"(anonymous_40)","decl":{"start":{"line":51,"column":35},"end":{"line":51,"column":null}},"loc":{"start":{"line":51,"column":35},"end":{"line":60,"column":4}}},"16":{"name":"(anonymous_42)","decl":{"start":{"line":53,"column":12},"end":{"line":53,"column":null}},"loc":{"start":{"line":53,"column":12},"end":{"line":56,"column":7}}},"17":{"name":"(anonymous_43)","decl":{"start":{"line":57,"column":13},"end":{"line":57,"column":14}},"loc":{"start":{"line":57,"column":20},"end":{"line":59,"column":7}}},"18":{"name":"(anonymous_44)","decl":{"start":{"line":63,"column":31},"end":{"line":63,"column":38}},"loc":{"start":{"line":63,"column":69},"end":{"line":77,"column":2}}},"19":{"name":"(anonymous_45)","decl":{"start":{"line":63,"column":69},"end":{"line":63,"column":null}},"loc":{"start":{"line":63,"column":69},"end":{"line":77,"column":2}}},"20":{"name":"(anonymous_47)","decl":{"start":{"line":67,"column":21},"end":{"line":67,"column":28}},"loc":{"start":{"line":67,"column":35},"end":{"line":76,"column":4}}},"21":{"name":"(anonymous_48)","decl":{"start":{"line":67,"column":35},"end":{"line":67,"column":null}},"loc":{"start":{"line":67,"column":35},"end":{"line":76,"column":4}}},"22":{"name":"(anonymous_50)","decl":{"start":{"line":69,"column":12},"end":{"line":69,"column":null}},"loc":{"start":{"line":69,"column":12},"end":{"line":72,"column":7}}},"23":{"name":"(anonymous_51)","decl":{"start":{"line":73,"column":13},"end":{"line":73,"column":14}},"loc":{"start":{"line":73,"column":20},"end":{"line":75,"column":7}}},"24":{"name":"(anonymous_52)","decl":{"start":{"line":79,"column":27},"end":{"line":79,"column":34}},"loc":{"start":{"line":79,"column":68},"end":{"line":95,"column":2}}},"25":{"name":"(anonymous_53)","decl":{"start":{"line":79,"column":68},"end":{"line":79,"column":null}},"loc":{"start":{"line":79,"column":68},"end":{"line":95,"column":2}}},"26":{"name":"(anonymous_55)","decl":{"start":{"line":81,"column":21},"end":{"line":81,"column":28}},"loc":{"start":{"line":81,"column":35},"end":{"line":94,"column":4}}},"27":{"name":"(anonymous_56)","decl":{"start":{"line":81,"column":35},"end":{"line":81,"column":null}},"loc":{"start":{"line":81,"column":35},"end":{"line":94,"column":4}}},"28":{"name":"(anonymous_58)","decl":{"start":{"line":86,"column":12},"end":{"line":86,"column":null}},"loc":{"start":{"line":86,"column":12},"end":{"line":90,"column":7}}},"29":{"name":"(anonymous_59)","decl":{"start":{"line":91,"column":13},"end":{"line":91,"column":14}},"loc":{"start":{"line":91,"column":20},"end":{"line":93,"column":7}}},"30":{"name":"(anonymous_60)","decl":{"start":{"line":97,"column":29},"end":{"line":97,"column":36}},"loc":{"start":{"line":97,"column":89},"end":{"line":114,"column":2}}},"31":{"name":"(anonymous_61)","decl":{"start":{"line":97,"column":89},"end":{"line":97,"column":null}},"loc":{"start":{"line":97,"column":89},"end":{"line":114,"column":2}}},"32":{"name":"(anonymous_63)","decl":{"start":{"line":100,"column":21},"end":{"line":100,"column":28}},"loc":{"start":{"line":100,"column":35},"end":{"line":113,"column":4}}},"33":{"name":"(anonymous_64)","decl":{"start":{"line":100,"column":35},"end":{"line":100,"column":null}},"loc":{"start":{"line":100,"column":35},"end":{"line":113,"column":4}}},"34":{"name":"(anonymous_66)","decl":{"start":{"line":105,"column":12},"end":{"line":105,"column":null}},"loc":{"start":{"line":105,"column":12},"end":{"line":109,"column":7}}},"35":{"name":"(anonymous_67)","decl":{"start":{"line":110,"column":13},"end":{"line":110,"column":14}},"loc":{"start":{"line":110,"column":20},"end":{"line":112,"column":7}}},"36":{"name":"(anonymous_68)","decl":{"start":{"line":116,"column":31},"end":{"line":116,"column":32}},"loc":{"start":{"line":130,"column":1},"end":{"line":171,"column":1}}},"37":{"name":"(anonymous_69)","decl":{"start":{"line":132,"column":23},"end":{"line":132,"column":24}},"loc":{"start":{"line":132,"column":33},"end":{"line":144,"column":3}}},"38":{"name":"(anonymous_70)","decl":{"start":{"line":153,"column":21},"end":{"line":153,"column":28}},"loc":{"start":{"line":153,"column":35},"end":{"line":170,"column":4}}},"39":{"name":"(anonymous_71)","decl":{"start":{"line":153,"column":35},"end":{"line":153,"column":null}},"loc":{"start":{"line":153,"column":35},"end":{"line":170,"column":4}}},"40":{"name":"(anonymous_73)","decl":{"start":{"line":157,"column":12},"end":{"line":157,"column":null}},"loc":{"start":{"line":157,"column":12},"end":{"line":166,"column":7}}},"41":{"name":"(anonymous_74)","decl":{"start":{"line":167,"column":13},"end":{"line":167,"column":14}},"loc":{"start":{"line":167,"column":20},"end":{"line":169,"column":7}}},"42":{"name":"(anonymous_75)","decl":{"start":{"line":173,"column":27},"end":{"line":173,"column":28}},"loc":{"start":{"line":173,"column":45},"end":{"line":174,"column":7}}},"43":{"name":"(anonymous_76)","decl":{"start":{"line":176,"column":19},"end":{"line":176,"column":20}},"loc":{"start":{"line":176,"column":29},"end":{"line":176,"column":37}}},"44":{"name":"(anonymous_77)","decl":{"start":{"line":178,"column":29},"end":{"line":178,"column":30}},"loc":{"start":{"line":178,"column":47},"end":{"line":184,"column":1}}}},"branchMap":{"0":{"loc":{"start":{"line":22,"column":4},"end":{"line":29,"column":9}},"type":"switch","locations":[{"start":{"line":22,"column":4},"end":{"line":29,"column":9}}]},"1":{"loc":{"start":{"line":36,"column":4},"end":{"line":43,"column":9}},"type":"switch","locations":[{"start":{"line":36,"column":4},"end":{"line":43,"column":9}}]},"2":{"loc":{"start":{"line":52,"column":4},"end":{"line":59,"column":9}},"type":"switch","locations":[{"start":{"line":52,"column":4},"end":{"line":59,"column":9}}]},"3":{"loc":{"start":{"line":68,"column":4},"end":{"line":75,"column":9}},"type":"switch","locations":[{"start":{"line":68,"column":4},"end":{"line":75,"column":9}}]},"4":{"loc":{"start":{"line":174,"column":2},"end":{"line":176,"column":79}},"type":"cond-expr","locations":[{"start":{"line":175,"column":6},"end":{"line":175,"column":27}},{"start":{"line":176,"column":6},"end":{"line":176,"column":79}}]}},"s":{"0":3,"1":3,"2":3,"3":3,"4":6,"5":3,"6":3,"7":3,"8":3,"9":3,"10":8,"11":8,"12":8,"13":8,"14":16,"15":8,"16":0,"17":3,"18":3,"19":7,"20":7,"21":7,"22":7,"23":14,"24":7,"25":0,"26":3,"27":3,"28":1,"29":1,"30":1,"31":1,"32":1,"33":1,"34":2,"35":1,"36":0,"37":3,"38":3,"39":5,"40":5,"41":5,"42":5,"43":5,"44":5,"45":10,"46":5,"47":0,"48":3,"49":3,"50":6,"51":6,"52":6,"53":6,"54":6,"55":6,"56":12,"57":6,"58":6,"59":0,"60":3,"61":3,"62":5,"63":5,"64":5,"65":5,"66":5,"67":5,"68":5,"69":10,"70":5,"71":5,"72":0,"73":3,"74":3,"75":5,"76":5,"77":5,"78":5,"79":5,"80":5,"81":5,"82":5,"83":5,"84":5,"85":5,"86":5,"87":5,"88":5,"89":5,"90":10,"91":5,"92":5,"93":5,"94":0,"95":3,"96":3,"97":34,"98":1504,"99":3,"100":3,"101":26,"102":26,"103":26,"104":1284,"105":26,"106":3,"107":3},"f":{"0":8,"1":8,"2":8,"3":8,"4":8,"5":0,"6":7,"7":7,"8":7,"9":7,"10":7,"11":0,"12":1,"13":1,"14":1,"15":1,"16":1,"17":0,"18":5,"19":5,"20":5,"21":5,"22":5,"23":0,"24":6,"25":6,"26":6,"27":6,"28":6,"29":0,"30":5,"31":5,"32":5,"33":5,"34":5,"35":0,"36":5,"37":5,"38":5,"39":5,"40":5,"41":0,"42":34,"43":1504,"44":26},"b":{"0":[8],"1":[7],"2":[1],"3":[5],"4":[5,29]}}
,"/Users/andreiv/git/spacemeshlib/src/global_state.ts": {"path":"/Users/andreiv/git/spacemeshlib/src/global_state.ts","statementMap":{"0":{"start":{"line":1,"column":0},"end":{"line":1,"column":null}},"1":{"start":{"line":7,"column":0},"end":{"line":7,"column":47}},"2":{"start":{"line":9,"column":32},"end":{"line":26,"column":2}},"3":{"start":{"line":9,"column":68},"end":{"line":26,"column":2}},"4":{"start":{"line":10,"column":2},"end":{"line":10,"column":66}},"5":{"start":{"line":10,"column":26},"end":{"line":10,"column":66}},"6":{"start":{"line":12,"column":8},"end":{"line":12,"column":52}},"7":{"start":{"line":14,"column":8},"end":{"line":17,"column":4}},"8":{"start":{"line":19,"column":8},"end":{"line":23,"column":4}},"9":{"start":{"line":25,"column":9},"end":{"line":25,"column":64}},"10":{"start":{"line":25,"column":2},"end":{"line":25,"column":64}},"11":{"start":{"line":9,"column":13},"end":{"line":9,"column":32}},"12":{"start":{"line":28,"column":31},"end":{"line":47,"column":2}},"13":{"start":{"line":28,"column":52},"end":{"line":47,"column":2}},"14":{"start":{"line":29,"column":2},"end":{"line":29,"column":66}},"15":{"start":{"line":29,"column":26},"end":{"line":29,"column":66}},"16":{"start":{"line":31,"column":8},"end":{"line":31,"column":52}},"17":{"start":{"line":33,"column":8},"end":{"line":36,"column":4}},"18":{"start":{"line":38,"column":8},"end":{"line":42,"column":4}},"19":{"start":{"line":44,"column":31},"end":{"line":44,"column":null}},"20":{"start":{"line":44,"column":8},"end":{"line":44,"column":null}},"21":{"start":{"line":46,"column":2},"end":{"line":46,"column":83}},"22":{"start":{"line":28,"column":13},"end":{"line":28,"column":31}},"23":{"start":{"line":49,"column":33},"end":{"line":68,"column":2}},"24":{"start":{"line":49,"column":54},"end":{"line":68,"column":2}},"25":{"start":{"line":50,"column":2},"end":{"line":50,"column":66}},"26":{"start":{"line":50,"column":26},"end":{"line":50,"column":66}},"27":{"start":{"line":52,"column":8},"end":{"line":52,"column":52}},"28":{"start":{"line":54,"column":8},"end":{"line":57,"column":4}},"29":{"start":{"line":59,"column":8},"end":{"line":63,"column":4}},"30":{"start":{"line":65,"column":31},"end":{"line":65,"column":null}},"31":{"start":{"line":65,"column":8},"end":{"line":65,"column":null}},"32":{"start":{"line":67,"column":2},"end":{"line":67,"column":89}},"33":{"start":{"line":49,"column":13},"end":{"line":49,"column":33}}},"fnMap":{"0":{"name":"(anonymous_13)","decl":{"start":{"line":9,"column":32},"end":{"line":9,"column":39}},"loc":{"start":{"line":9,"column":68},"end":{"line":26,"column":2}}},"1":{"name":"(anonymous_14)","decl":{"start":{"line":9,"column":68},"end":{"line":9,"column":null}},"loc":{"start":{"line":9,"column":68},"end":{"line":26,"column":2}}},"2":{"name":"(anonymous_16)","decl":{"start":{"line":28,"column":31},"end":{"line":28,"column":38}},"loc":{"start":{"line":28,"column":52},"end":{"line":47,"column":2}}},"3":{"name":"(anonymous_17)","decl":{"start":{"line":28,"column":52},"end":{"line":28,"column":null}},"loc":{"start":{"line":28,"column":52},"end":{"line":47,"column":2}}},"4":{"name":"(anonymous_19)","decl":{"start":{"line":49,"column":33},"end":{"line":49,"column":40}},"loc":{"start":{"line":49,"column":54},"end":{"line":68,"column":2}}},"5":{"name":"(anonymous_20)","decl":{"start":{"line":49,"column":54},"end":{"line":49,"column":null}},"loc":{"start":{"line":49,"column":54},"end":{"line":68,"column":2}}}},"branchMap":{"0":{"loc":{"start":{"line":25,"column":2},"end":{"line":25,"column":64}},"type":"switch","locations":[{"start":{"line":25,"column":2},"end":{"line":25,"column":64}}]},"1":{"loc":{"start":{"line":10,"column":2},"end":{"line":10,"column":66}},"type":"if","locations":[{"start":{"line":10,"column":2},"end":{"line":10,"column":66}}]},"2":{"loc":{"start":{"line":29,"column":2},"end":{"line":29,"column":66}},"type":"if","locations":[{"start":{"line":29,"column":2},"end":{"line":29,"column":66}}]},"3":{"loc":{"start":{"line":50,"column":2},"end":{"line":50,"column":66}},"type":"if","locations":[{"start":{"line":50,"column":2},"end":{"line":50,"column":66}}]}},"s":{"0":2,"1":2,"2":2,"3":1,"4":1,"5":0,"6":1,"7":1,"8":1,"9":1,"10":1,"11":2,"12":2,"13":2,"14":2,"15":0,"16":2,"17":2,"18":2,"19":2,"20":2,"21":2,"22":2,"23":2,"24":1,"25":1,"26":0,"27":1,"28":1,"29":1,"30":1,"31":1,"32":1,"33":2},"f":{"0":1,"1":1,"2":2,"3":2,"4":1,"5":1},"b":{"0":[1],"1":[0],"2":[0],"3":[0]}}
,"/Users/andreiv/git/spacemeshlib/src/tx.ts": {"path":"/Users/andreiv/git/spacemeshlib/src/tx.ts","statementMap":{"0":{"start":{"line":1,"column":0},"end":{"line":1,"column":39}},"1":{"start":{"line":2,"column":0},"end":{"line":2,"column":56}},"2":{"start":{"line":4,"column":33},"end":{"line":26,"column":2}},"3":{"start":{"line":10,"column":23},"end":{"line":26,"column":2}},"4":{"start":{"line":12,"column":2},"end":{"line":12,"column":58}},"5":{"start":{"line":12,"column":18},"end":{"line":12,"column":58}},"6":{"start":{"line":14,"column":11},"end":{"line":21,"column":null}},"7":{"start":{"line":14,"column":6},"end":{"line":21,"column":null}},"8":{"start":{"line":23,"column":9},"end":{"line":25,"column":5}},"9":{"start":{"line":23,"column":2},"end":{"line":25,"column":5}},"10":{"start":{"line":4,"column":13},"end":{"line":4,"column":33}}},"fnMap":{"0":{"name":"(anonymous_13)","decl":{"start":{"line":4,"column":33},"end":{"line":4,"column":null}},"loc":{"start":{"line":10,"column":23},"end":{"line":26,"column":2}}},"1":{"name":"(anonymous_14)","decl":{"start":{"line":10,"column":23},"end":{"line":10,"column":null}},"loc":{"start":{"line":10,"column":23},"end":{"line":26,"column":2}}}},"branchMap":{"0":{"loc":{"start":{"line":23,"column":2},"end":{"line":25,"column":5}},"type":"switch","locations":[{"start":{"line":23,"column":2},"end":{"line":25,"column":5}}]},"1":{"loc":{"start":{"line":12,"column":2},"end":{"line":12,"column":58}},"type":"if","locations":[{"start":{"line":12,"column":2},"end":{"line":12,"column":58}}]}},"s":{"0":1,"1":1,"2":1,"3":1,"4":1,"5":0,"6":1,"7":1,"8":1,"9":1,"10":1},"f":{"0":1,"1":1},"b":{"0":[1],"1":[0]}}
}
