TN:
SF:src/channels.ts
FN:8,(anonymous_0)
FN:17,(anonymous_1)
FN:26,(anonymous_2)
FNF:3
FNH:3
FNDA:7,(anonymous_0)
FNDA:4,(anonymous_1)
FNDA:2,(anonymous_2)
DA:1,3
DA:2,3
DA:3,3
DA:8,3
DA:9,7
DA:13,7
DA:14,7
DA:17,3
DA:18,4
DA:22,4
DA:23,4
DA:26,3
DA:27,2
DA:28,2
LF:14
LH:14
BRDA:11,0,0,7
BRDA:11,0,1,0
BRDA:20,1,0,4
BRDA:20,1,1,0
BRF:4
BRH:2
end_of_record
TN:
SF:src/crypto.ts
FN:19,(anonymous_20)
FN:19,(anonymous_21)
FN:21,(anonymous_23)
FN:21,(anonymous_24)
FN:23,(anonymous_26)
FN:27,(anonymous_27)
FN:33,(anonymous_28)
FN:33,(anonymous_29)
FN:35,(anonymous_31)
FN:35,(anonymous_32)
FN:37,(anonymous_34)
FN:41,(anonymous_35)
FN:47,(anonymous_36)
FN:47,(anonymous_37)
FN:51,(anonymous_39)
FN:51,(anonymous_40)
FN:53,(anonymous_42)
FN:57,(anonymous_43)
FN:63,(anonymous_44)
FN:63,(anonymous_45)
FN:67,(anonymous_47)
FN:67,(anonymous_48)
FN:69,(anonymous_50)
FN:73,(anonymous_51)
FN:79,(anonymous_52)
FN:79,(anonymous_53)
FN:81,(anonymous_55)
FN:81,(anonymous_56)
FN:86,(anonymous_58)
FN:91,(anonymous_59)
FN:97,(anonymous_60)
FN:97,(anonymous_61)
FN:100,(anonymous_63)
FN:100,(anonymous_64)
FN:105,(anonymous_66)
FN:110,(anonymous_67)
FN:116,(anonymous_68)
FN:132,(anonymous_69)
FN:153,(anonymous_70)
FN:153,(anonymous_71)
FN:157,(anonymous_73)
FN:167,(anonymous_74)
FN:173,(anonymous_75)
FN:176,(anonymous_76)
FN:178,(anonymous_77)
FNF:45
FNH:38
FNDA:8,(anonymous_20)
FNDA:8,(anonymous_21)
FNDA:8,(anonymous_23)
FNDA:8,(anonymous_24)
FNDA:8,(anonymous_26)
FNDA:0,(anonymous_27)
FNDA:7,(anonymous_28)
FNDA:7,(anonymous_29)
FNDA:7,(anonymous_31)
FNDA:7,(anonymous_32)
FNDA:7,(anonymous_34)
FNDA:0,(anonymous_35)
FNDA:1,(anonymous_36)
FNDA:1,(anonymous_37)
FNDA:1,(anonymous_39)
FNDA:1,(anonymous_40)
FNDA:1,(anonymous_42)
FNDA:0,(anonymous_43)
FNDA:5,(anonymous_44)
FNDA:5,(anonymous_45)
FNDA:5,(anonymous_47)
FNDA:5,(anonymous_48)
FNDA:5,(anonymous_50)
FNDA:0,(anonymous_51)
FNDA:6,(anonymous_52)
FNDA:6,(anonymous_53)
FNDA:6,(anonymous_55)
FNDA:6,(anonymous_56)
FNDA:6,(anonymous_58)
FNDA:0,(anonymous_59)
FNDA:5,(anonymous_60)
FNDA:5,(anonymous_61)
FNDA:5,(anonymous_63)
FNDA:5,(anonymous_64)
FNDA:5,(anonymous_66)
FNDA:0,(anonymous_67)
FNDA:5,(anonymous_68)
FNDA:5,(anonymous_69)
FNDA:5,(anonymous_70)
FNDA:5,(anonymous_71)
FNDA:5,(anonymous_73)
FNDA:0,(anonymous_74)
FNDA:34,(anonymous_75)
FNDA:1504,(anonymous_76)
FNDA:26,(anonymous_77)
DA:1,3
DA:3,3
DA:4,3
DA:6,3
DA:7,6
DA:9,3
DA:10,3
DA:12,3
DA:17,3
DA:19,8
DA:20,8
DA:21,8
DA:22,16
DA:25,8
DA:28,0
DA:33,7
DA:34,7
DA:35,7
DA:36,14
DA:39,7
DA:42,0
DA:47,3
DA:48,1
DA:49,1
DA:50,1
DA:51,1
DA:52,2
DA:55,1
DA:58,0
DA:63,5
DA:64,5
DA:65,5
DA:66,5
DA:67,5
DA:68,10
DA:71,5
DA:74,0
DA:79,6
DA:80,6
DA:81,6
DA:82,6
DA:83,6
DA:85,12
DA:88,6
DA:89,6
DA:92,0
DA:97,5
DA:98,5
DA:99,5
DA:100,5
DA:101,5
DA:102,5
DA:104,10
DA:107,5
DA:108,5
DA:111,0
DA:116,3
DA:117,5
DA:118,5
DA:119,5
DA:120,5
DA:121,5
DA:122,5
DA:131,5
DA:132,5
DA:133,5
DA:140,5
DA:145,5
DA:152,5
DA:153,5
DA:154,5
DA:156,10
DA:160,5
DA:161,5
DA:165,5
DA:168,0
DA:173,3
DA:174,34
DA:176,1504
DA:178,3
DA:179,26
DA:180,26
DA:181,1284
DA:183,26
DA:186,3
LF:85
LH:78
BRDA:22,0,0,8
BRDA:36,1,0,7
BRDA:52,2,0,1
BRDA:68,3,0,5
BRDA:174,4,0,5
BRDA:174,4,1,29
BRF:6
BRH:6
end_of_record
TN:
SF:src/global_state.ts
FN:9,(anonymous_13)
FN:9,(anonymous_14)
FN:28,(anonymous_16)
FN:28,(anonymous_17)
FN:49,(anonymous_19)
FN:49,(anonymous_20)
FNF:6
FNH:6
FNDA:1,(anonymous_13)
FNDA:1,(anonymous_14)
FNDA:2,(anonymous_16)
FNDA:2,(anonymous_17)
FNDA:1,(anonymous_19)
FNDA:1,(anonymous_20)
DA:1,2
DA:7,2
DA:9,2
DA:10,1
DA:12,1
DA:14,1
DA:19,1
DA:25,1
DA:28,2
DA:29,2
DA:31,2
DA:33,2
DA:38,2
DA:44,2
DA:46,2
DA:49,2
DA:50,1
DA:52,1
DA:54,1
DA:59,1
DA:65,1
DA:67,1
LF:22
LH:22
BRDA:25,0,0,1
BRDA:10,1,0,0
BRDA:29,2,0,0
BRDA:50,3,0,0
BRF:4
BRH:1
end_of_record
TN:
SF:src/tx.ts
FN:4,(anonymous_13)
FN:10,(anonymous_14)
FNF:2
FNH:2
FNDA:1,(anonymous_13)
FNDA:1,(anonymous_14)
DA:1,1
DA:2,1
DA:4,1
DA:10,1
DA:12,1
DA:14,1
DA:23,1
LF:7
LH:7
BRDA:23,0,0,1
BRDA:12,1,0,0
BRF:2
BRH:1
end_of_record
